{"level":"info","message":"New user registered: omoloyeamoss65@gmail.com","service":"nova-store-backend","timestamp":"2026-05-03T16:17:16.162Z"}
{"level":"info","message":"User logged in successfully: omoloyeamoss65@gmail.com","service":"nova-store-backend","timestamp":"2026-05-03T16:22:08.738Z"}
{"level":"info","message":"User logged out and session revoked","service":"nova-store-backend","timestamp":"2026-05-03T16:24:14.811Z"}
{"level":"warn","message":"Failed login attempt for email: omoloyeamoss65@gmail.com","service":"nova-store-backend","timestamp":"2026-05-03T16:32:35.465Z"}
{"level":"info","message":"User logged in successfully: omoloyeamoss65@gmail.com","service":"nova-store-backend","timestamp":"2026-05-03T16:32:46.044Z"}
{"level":"info","message":"Password reset successful for user_id: f0d71444-748c-442b-a215-20f4c907a476","service":"nova-store-backend","timestamp":"2026-05-03T16:37:48.450Z"}
{"level":"info","message":"New user registered: testuser_1778360702177_802@example.com","service":"nova-store-backend","timestamp":"2026-05-09T21:05:08.888Z"}
{"level":"info","message":"New user registered: onboard_1778360702155_764@example.com","service":"nova-store-backend","timestamp":"2026-05-09T21:05:09.458Z"}
{"level":"info","message":"New user registered: onboard_1778360787437_620@example.com","service":"nova-store-backend","timestamp":"2026-05-09T21:06:36.569Z"}
{"level":"info","message":"New user registered: testuser_1778360787424_416@example.com","service":"nova-store-backend","timestamp":"2026-05-09T21:06:36.603Z"}
{"level":"info","message":"User logged in successfully: test@example.com","service":"nova-store-backend","timestamp":"2026-05-18T09:34:46.243Z"}
{"level":"info","message":"User logged in successfully: test@example.com","service":"nova-store-backend","timestamp":"2026-05-18T09:38:16.001Z"}
{"level":"info","message":"User logged in successfully: test@example.com","service":"nova-store-backend","timestamp":"2026-05-18T09:44:00.466Z"}
{"level":"info","message":"[NotifyQueue] Worker started — polling every 5 s","service":"nova-store-backend","timestamp":"2026-05-18T15:26:18.884Z"}
{"level":"info","message":"[NotifyQueue] Worker started — polling every 5 s","service":"nova-store-backend","timestamp":"2026-05-18T15:26:44.849Z"}
{"level":"info","message":"[NotifyQueue] Worker started — polling every 5 s","service":"nova-store-backend","timestamp":"2026-05-18T15:28:56.478Z"}
{"level":"info","message":"[NotifyQueue] Worker started — polling every 5 s","service":"nova-store-backend","timestamp":"2026-05-18T15:30:16.413Z"}
{"level":"info","message":"[NotifyQueue] Worker started — polling every 5 s","service":"nova-store-backend","timestamp":"2026-05-18T15:34:03.356Z"}
{"level":"info","message":"[NotifyQueue] Worker started — polling every 5 s","service":"nova-store-backend","timestamp":"2026-05-18T15:34:54.804Z"}
{"level":"info","message":"[NotifyQueue] Worker started — polling every 5 s","service":"nova-store-backend","timestamp":"2026-05-18T15:35:44.298Z"}
{"level":"info","message":"[NotifyQueue] Worker started — polling every 5 s","service":"nova-store-backend","timestamp":"2026-05-18T15:36:57.980Z"}
{"level":"info","message":"[NotifyQueue] Worker started — polling every 5 s","service":"nova-store-backend","timestamp":"2026-05-18T15:38:01.405Z"}
{"level":"info","message":"[NotifyQueue] Worker started — polling every 5 s","service":"nova-store-backend","timestamp":"2026-05-18T15:39:42.615Z"}
{"level":"info","message":"[NotifyQueue] Worker started — polling every 5 s","service":"nova-store-backend","timestamp":"2026-05-18T15:40:30.679Z"}
{"level":"info","message":"[NotifyQueue] Worker started — polling every 5 s","service":"nova-store-backend","timestamp":"2026-05-18T15:41:36.314Z"}
{"level":"info","message":"[NotifyQueue] Worker started — polling every 5 s","service":"nova-store-backend","timestamp":"2026-05-18T15:42:16.748Z"}
{"level":"info","message":"[NotifyQueue] Worker started — polling every 5 s","service":"nova-store-backend","timestamp":"2026-05-18T15:43:34.281Z"}
{"level":"info","message":"[NotifyQueue] Worker started — polling every 5 s","service":"nova-store-backend","timestamp":"2026-05-18T15:44:42.094Z"}
{"level":"info","message":"[NotifyQueue] Worker started — polling every 5 s","service":"nova-store-backend","timestamp":"2026-05-18T19:06:05.599Z"}
{"level":"info","message":"[NotifyQueue] Worker started — polling every 5 s","service":"nova-store-backend","timestamp":"2026-05-18T19:06:45.130Z"}
{"level":"info","message":"[NotifyQueue] Worker started — polling every 5 s","service":"nova-store-backend","timestamp":"2026-05-18T19:10:36.894Z"}
{"level":"info","message":"[NotifyQueue] Worker started — polling every 5 s","service":"nova-store-backend","timestamp":"2026-05-18T19:11:04.097Z"}
{"level":"info","message":"[NotifyQueue] Worker started — polling every 5 s","service":"nova-store-backend","timestamp":"2026-05-18T19:14:26.191Z"}
{"level":"info","message":"[NotifyQueue] Worker started — polling every 5 s","service":"nova-store-backend","timestamp":"2026-05-18T19:16:50.929Z"}
{"level":"info","message":"[NotifyQueue] Worker started — polling every 5 s","service":"nova-store-backend","timestamp":"2026-05-18T19:18:23.979Z"}
{"level":"info","message":"[NotifyQueue] Worker started — polling every 5 s","service":"nova-store-backend","timestamp":"2026-05-18T19:19:06.358Z"}
{"level":"info","message":"[NotifyQueue] Worker started — polling every 5 s","service":"nova-store-backend","timestamp":"2026-05-18T19:20:51.770Z"}
{"level":"info","message":"[NotifyQueue] Worker started — polling every 5 s","service":"nova-store-backend","timestamp":"2026-05-18T19:23:20.114Z"}
{"level":"info","message":"[NotifyQueue] Worker started — polling every 5 s","service":"nova-store-backend","timestamp":"2026-05-18T19:25:49.308Z"}
{"level":"info","message":"[NotifyQueue] Worker started — polling every 5 s","service":"nova-store-backend","timestamp":"2026-05-18T19:27:01.525Z"}
{"level":"info","message":"[NotifyQueue] Worker started — polling every 5 s","service":"nova-store-backend","timestamp":"2026-05-18T20:13:28.630Z"}
{"level":"info","message":"[NotifyQueue] Worker started — polling every 5 s","service":"nova-store-backend","timestamp":"2026-05-18T20:16:18.600Z"}
{"level":"info","message":"[NotifyQueue] Worker started — polling every 5 s","service":"nova-store-backend","timestamp":"2026-05-18T20:16:26.370Z"}
{"level":"info","message":"New user registered: testuser_1779135413271_368@example.com","service":"nova-store-backend","timestamp":"2026-05-18T20:17:01.110Z"}
{"level":"info","message":"[NotifyQueue] Worker started — polling every 5 s","service":"nova-store-backend","timestamp":"2026-05-18T20:19:05.262Z"}
{"level":"info","message":"[NotifyQueue] Worker started — polling every 5 s","service":"nova-store-backend","timestamp":"2026-05-18T20:21:16.895Z"}
{"level":"info","message":"[NotifyQueue] Worker started — polling every 5 s","service":"nova-store-backend","timestamp":"2026-05-18T20:22:53.963Z"}
{"level":"info","message":"[NotifyQueue] Worker started — polling every 5 s","service":"nova-store-backend","timestamp":"2026-05-18T20:23:48.958Z"}
{"level":"info","message":"[NotifyQueue] Worker started — polling every 5 s","service":"nova-store-backend","timestamp":"2026-05-18T20:27:23.484Z"}
{"level":"info","message":"New user registered: testuser_1779136177990_197@example.com","service":"nova-store-backend","timestamp":"2026-05-18T20:29:40.829Z"}
{"level":"info","message":"New user registered: onboard_1779136177953_380@example.com","service":"nova-store-backend","timestamp":"2026-05-18T20:29:40.871Z"}
{"level":"info","message":"[NotifyQueue] Worker started — polling every 5 s","service":"nova-store-backend","timestamp":"2026-05-18T20:33:06.046Z"}
{"level":"info","message":"[NotifyQueue] Worker started — polling every 5 s","service":"nova-store-backend","timestamp":"2026-05-18T20:35:57.455Z"}
{"level":"info","message":"[NotifyQueue] Worker started — polling every 5 s","service":"nova-store-backend","timestamp":"2026-05-18T20:42:50.643Z"}
{"level":"info","message":"[NotifyQueue] Worker started — polling every 5 s","service":"nova-store-backend","timestamp":"2026-05-18T20:44:04.481Z"}
{"level":"info","message":"User logged in successfully: test@example.com","service":"nova-store-backend","timestamp":"2026-05-18T20:44:49.230Z"}
{"level":"info","message":"New user registered: onboard_1779137092295_289@example.com","service":"nova-store-backend","timestamp":"2026-05-18T20:44:55.255Z"}
{"level":"info","message":"[NotifyQueue] Worker started — polling every 5 s","service":"nova-store-backend","timestamp":"2026-05-18T20:45:45.209Z"}
{"level":"info","message":"[NotifyQueue] Worker started — polling every 5 s","service":"nova-store-backend","timestamp":"2026-05-18T20:47:05.419Z"}
{"level":"info","message":"User logged in successfully: test@example.com","service":"nova-store-backend","timestamp":"2026-05-18T20:47:22.037Z"}
{"level":"info","message":"New user registered: onboard_1779137245151_754@example.com","service":"nova-store-backend","timestamp":"2026-05-18T20:47:27.534Z"}
{"level":"info","message":"[NotifyQueue] Worker started — polling every 5 s","service":"nova-store-backend","timestamp":"2026-05-18T20:49:12.795Z"}
{"level":"info","message":"[NotifyQueue] Worker started — polling every 5 s","service":"nova-store-backend","timestamp":"2026-05-20T17:04:10.683Z"}
{"level":"info","message":"[NotifyQueue] Worker started — polling every 5 s","service":"nova-store-backend","timestamp":"2026-05-20T18:23:16.638Z"}
{"level":"info","message":"[NotifyQueue] Worker started — polling every 5 s","service":"nova-store-backend","timestamp":"2026-05-20T19:47:55.942Z"}
{"level":"info","message":"[NotifyQueue] Worker started — polling every 5 s","service":"nova-store-backend","timestamp":"2026-05-20T20:13:44.846Z"}
{"level":"info","message":"[NotifyQueue] Worker started — polling every 5 s","service":"nova-store-backend","timestamp":"2026-05-20T20:16:54.823Z"}
{"level":"info","message":"[NotifyQueue] Worker started — polling every 5 s","service":"nova-store-backend","timestamp":"2026-05-20T20:27:44.970Z"}
{"level":"info","message":"[NotifyQueue] Worker started — polling every 5 s","service":"nova-store-backend","timestamp":"2026-05-20T20:28:44.290Z"}
{"level":"info","message":"[NotifyQueue] Worker started — polling every 5 s","service":"nova-store-backend","timestamp":"2026-05-20T20:29:34.820Z"}
{"level":"info","message":"[NotifyQueue] Worker started — polling every 5 s","service":"nova-store-backend","timestamp":"2026-05-20T20:34:26.805Z"}
{"level":"info","message":"[NotifyQueue] Worker started — polling every 5 s","service":"nova-store-backend","timestamp":"2026-05-20T20:38:41.695Z"}
{"level":"info","message":"[Cleanup] Starting daily maintenance job…","service":"nova-store-backend","timestamp":"2026-05-21T02:00:00.027Z"}
{"level":"info","message":"[Cleanup] Deleted 0 expired session(s).","service":"nova-store-backend","timestamp":"2026-05-21T02:00:02.152Z"}
{"level":"info","message":"[Cleanup] Deleted 0 expired verification token(s).","service":"nova-store-backend","timestamp":"2026-05-21T02:00:03.235Z"}
{"level":"info","message":"[Cleanup] Deleted 0 expired password-reset token(s).","service":"nova-store-backend","timestamp":"2026-05-21T02:00:03.570Z"}
{"level":"info","message":"[Cleanup] Deleted 0 expired inventory reservation(s).","service":"nova-store-backend","timestamp":"2026-05-21T02:00:03.850Z"}
{"level":"info","message":"[Cleanup] Daily maintenance done — 0 rows removed in total.","service":"nova-store-backend","timestamp":"2026-05-21T02:00:03.851Z"}
{"level":"info","message":"[NotifyQueue] Worker started — polling every 5 s","service":"nova-store-backend","timestamp":"2026-05-21T09:30:32.562Z"}
{"level":"info","message":"[NotifyQueue] Worker started — polling every 5 s","service":"nova-store-backend","timestamp":"2026-05-21T09:35:20.646Z"}
{"level":"info","message":"[NotifyQueue] Worker started — polling every 5 s","service":"nova-store-backend","timestamp":"2026-05-21T10:43:15.886Z"}
{"level":"info","message":"User logged in successfully: test@example.com","service":"nova-store-backend","timestamp":"2026-05-21T10:45:04.719Z"}
{"level":"info","message":"[NotifyQueue] Worker started — polling every 5 s","service":"nova-store-backend","timestamp":"2026-05-21T10:45:53.230Z"}
{"level":"info","message":"[NotifyQueue] Worker started — polling every 5 s","service":"nova-store-backend","timestamp":"2026-05-21T10:46:00.948Z"}
{"level":"info","message":"User logged in successfully: test@example.com","service":"nova-store-backend","timestamp":"2026-05-21T10:52:51.587Z"}
{"level":"info","message":"User logged in successfully: test@example.com","service":"nova-store-backend","timestamp":"2026-05-21T10:53:51.246Z"}
{"level":"info","message":"[NotifyQueue] Worker started — polling every 5 s","service":"nova-store-backend","timestamp":"2026-05-21T10:54:47.276Z"}
{"level":"info","message":"User logged in successfully: test@example.com","service":"nova-store-backend","timestamp":"2026-05-21T10:55:58.862Z"}
{"level":"warn","message":"Failed login attempt for email: testuser_1779360961560_457@example.com","service":"nova-store-backend","timestamp":"2026-05-21T10:56:03.760Z"}
{"level":"warn","message":"Failed login attempt for email: testuser_1779360961560_457@example.com","service":"nova-store-backend","timestamp":"2026-05-21T10:56:04.008Z"}
{"level":"info","message":"[NotifyQueue] Worker started — polling every 5 s","service":"nova-store-backend","timestamp":"2026-05-21T10:56:36.614Z"}
{"level":"info","message":"[NotifyQueue] Worker started — polling every 5 s","service":"nova-store-backend","timestamp":"2026-05-21T10:56:48.206Z"}
{"level":"info","message":"[NotifyQueue] Worker started — polling every 5 s","service":"nova-store-backend","timestamp":"2026-05-21T10:56:56.950Z"}
{"level":"info","message":"User logged in successfully: test@example.com","service":"nova-store-backend","timestamp":"2026-05-21T10:57:11.011Z"}
{"level":"info","message":"User logged in successfully: testuser_1779361035146_119@example.com","service":"nova-store-backend","timestamp":"2026-05-21T10:57:16.893Z"}
{"level":"warn","message":"Failed login attempt for email: testuser_1779361035146_119@example.com","service":"nova-store-backend","timestamp":"2026-05-21T10:57:17.127Z"}
{"level":"info","message":"[NotifyQueue] Worker started — polling every 5 s","service":"nova-store-backend","timestamp":"2026-05-21T10:57:39.493Z"}
{"level":"info","message":"[NotifyQueue] Worker started — polling every 5 s","service":"nova-store-backend","timestamp":"2026-05-21T11:38:39.359Z"}
{"level":"info","message":"[NotifyQueue] Worker started — polling every 5 s","service":"nova-store-backend","timestamp":"2026-05-21T11:39:57.145Z"}
{"level":"info","message":"[NotifyQueue] Worker started — polling every 5 s","service":"nova-store-backend","timestamp":"2026-05-21T11:40:58.465Z"}
{"level":"info","message":"[NotifyQueue] Worker started — polling every 5 s","service":"nova-store-backend","timestamp":"2026-05-21T11:42:17.777Z"}
{"level":"info","message":"[NotifyQueue] Worker started — polling every 5 s","service":"nova-store-backend","timestamp":"2026-05-21T11:43:21.547Z"}
{"level":"info","message":"[NotifyQueue] Worker started — polling every 5 s","service":"nova-store-backend","timestamp":"2026-05-21T11:45:35.129Z"}
{"level":"info","message":"[NotifyQueue] Worker started — polling every 5 s","service":"nova-store-backend","timestamp":"2026-05-21T13:01:27.048Z"}
{"level":"warn","message":"Referral code resolution not implemented. Returning null for code:","service":"nova-store-backend","timestamp":"2026-05-21T13:03:08.636Z"}
{"level":"warn","message":"Failed to send phone OTP during registration for user 71239605-80ad-4ec4-b422-2240c0249bc0: new row violates row-level security policy for table \"phone_verification_tokens\"","service":"nova-store-backend","timestamp":"2026-05-21T13:03:12.922Z"}
{"level":"info","message":"[NotifyQueue] Worker started — polling every 5 s","service":"nova-store-backend","timestamp":"2026-05-25T11:29:11.098Z"}
{"level":"info","message":"Verification email resent to: amossomoloye65@gmail.com","service":"nova-store-backend","timestamp":"2026-05-25T11:35:12.123Z"}
{"level":"info","message":"Email verified for user_id: 71239605-80ad-4ec4-b422-2240c0249bc0","service":"nova-store-backend","timestamp":"2026-05-25T11:36:56.522Z"}
{"level":"warn","message":"Failed login attempt for email: amossomoloye65@gmail.com","service":"nova-store-backend","timestamp":"2026-05-25T11:38:32.479Z"}
{"level":"warn","message":"Failed login attempt for email: amossomoloye65@gmail.com","service":"nova-store-backend","timestamp":"2026-05-25T11:38:41.949Z"}
{"level":"warn","message":"Failed login attempt for email: amossomoloye65@gmail.com","service":"nova-store-backend","timestamp":"2026-05-25T11:39:48.309Z"}
{"level":"info","message":"Password reset successful for user_id: 71239605-80ad-4ec4-b422-2240c0249bc0","service":"nova-store-backend","timestamp":"2026-05-25T11:44:39.380Z"}
{"level":"info","message":"[NotifyQueue] Worker started — polling every 5 s","service":"nova-store-backend","timestamp":"2026-05-25T11:50:25.817Z"}
{"level":"info","message":"[NotifyQueue] Worker started — polling every 5 s","service":"nova-store-backend","timestamp":"2026-05-25T11:53:57.864Z"}
{"level":"info","message":"[NotifyQueue] Worker started — polling every 5 s","service":"nova-store-backend","timestamp":"2026-05-25T11:54:20.175Z"}
{"level":"info","message":"User logged in successfully: amossomoloye65@gmail.com","service":"nova-store-backend","timestamp":"2026-05-25T11:56:19.367Z"}
{"level":"info","message":"User logged in successfully: amossomoloye65@gmail.com","service":"nova-store-backend","timestamp":"2026-05-25T12:00:24.359Z"}
{"level":"info","message":"User logged in successfully: amossomoloye65@gmail.com","service":"nova-store-backend","timestamp":"2026-05-25T12:02:08.067Z"}
{"level":"info","message":"User logged in successfully: amossomoloye65@gmail.com","service":"nova-store-backend","timestamp":"2026-05-25T12:04:10.851Z"}
{"level":"info","message":"[NotifyQueue] Worker started — polling every 5 s","service":"nova-store-backend","timestamp":"2026-05-25T12:04:52.547Z"}
{"level":"info","message":"User logged in successfully: amossomoloye65@gmail.com","service":"nova-store-backend","timestamp":"2026-05-25T12:37:40.408Z"}
{"level":"info","message":"[Cleanup] Starting daily maintenance job…","service":"nova-store-backend","timestamp":"2026-05-26T09:32:36.814Z"}
{"level":"error","message":"[Cleanup] Failed to delete expired sessions:","service":"nova-store-backend","timestamp":"2026-05-26T09:32:38.152Z"}
{"level":"error","message":"[Cleanup] Failed to delete expired verification tokens:","service":"nova-store-backend","timestamp":"2026-05-26T09:32:38.343Z"}
{"level":"error","message":"[Cleanup] Failed to delete expired password-reset tokens:","service":"nova-store-backend","timestamp":"2026-05-26T09:32:39.408Z"}
{"level":"error","message":"[Cleanup] Failed to delete expired inventory reservations:","service":"nova-store-backend","timestamp":"2026-05-26T09:32:39.811Z"}
{"level":"info","message":"[Cleanup] Daily maintenance done — 0 rows removed in total.","service":"nova-store-backend","timestamp":"2026-05-26T09:32:40.100Z"}
{"level":"info","message":"[NotifyQueue] Worker started — polling every 5 s","service":"nova-store-backend","timestamp":"2026-05-26T09:37:30.060Z"}
{"level":"info","message":"[NotifyQueue] Worker started — polling every 5 s","service":"nova-store-backend","timestamp":"2026-05-26T09:43:40.223Z"}
{"level":"info","message":"[NotifyQueue] Worker started — polling every 5 s","service":"nova-store-backend","timestamp":"2026-05-26T09:43:58.440Z"}
{"level":"info","message":"[NotifyQueue] Worker started — polling every 5 s","service":"nova-store-backend","timestamp":"2026-05-26T09:44:44.664Z"}
{"level":"info","message":"[NotifyQueue] Worker started — polling every 5 s","service":"nova-store-backend","timestamp":"2026-05-26T09:55:15.774Z"}
{"level":"info","message":"[NotifyQueue] Worker started — polling every 5 s","service":"nova-store-backend","timestamp":"2026-05-26T09:56:14.710Z"}
{"level":"info","message":"[NotifyQueue] Worker started — polling every 5 s","service":"nova-store-backend","timestamp":"2026-05-26T10:01:56.478Z"}
{"level":"info","message":"[NotifyQueue] Worker started — polling every 5 s","service":"nova-store-backend","timestamp":"2026-05-26T10:02:45.481Z"}
{"level":"info","message":"[NotifyQueue] Worker started — polling every 5 s","service":"nova-store-backend","timestamp":"2026-05-26T10:04:22.309Z"}
{"level":"info","message":"[NotifyQueue] Worker started — polling every 5 s","service":"nova-store-backend","timestamp":"2026-05-26T10:05:07.472Z"}
{"level":"info","message":"[NotifyQueue] Worker started — polling every 5 s","service":"nova-store-backend","timestamp":"2026-05-26T10:07:38.108Z"}
{"level":"info","message":"[NotifyQueue] Worker started — polling every 5 s","service":"nova-store-backend","timestamp":"2026-05-26T10:09:43.643Z"}
{"level":"info","message":"[NotifyQueue] Worker started — polling every 5 s","service":"nova-store-backend","timestamp":"2026-05-26T10:11:15.524Z"}
{"level":"info","message":"[NotifyQueue] Worker started — polling every 5 s","service":"nova-store-backend","timestamp":"2026-05-26T10:11:52.458Z"}
{"level":"info","message":"[NotifyQueue] Worker started — polling every 5 s","service":"nova-store-backend","timestamp":"2026-05-26T10:15:46.309Z"}
{"level":"info","message":"[NotifyQueue] Worker started — polling every 5 s","service":"nova-store-backend","timestamp":"2026-05-26T10:17:30.702Z"}
{"level":"info","message":"[NotifyQueue] Worker started — polling every 5 s","service":"nova-store-backend","timestamp":"2026-05-26T10:19:45.848Z"}
{"level":"info","message":"[NotifyQueue] Worker started — polling every 5 s","service":"nova-store-backend","timestamp":"2026-05-26T10:20:20.753Z"}
{"level":"info","message":"[NotifyQueue] Worker started — polling every 5 s","service":"nova-store-backend","timestamp":"2026-05-26T10:25:26.005Z"}
{"level":"info","message":"[NotifyQueue] Worker started — polling every 5 s","service":"nova-store-backend","timestamp":"2026-05-26T10:30:50.272Z"}
{"level":"info","message":"[NotifyQueue] Worker started — polling every 5 s","service":"nova-store-backend","timestamp":"2026-05-26T10:31:40.647Z"}
{"level":"info","message":"[NotifyQueue] Worker started — polling every 5 s","service":"nova-store-backend","timestamp":"2026-05-26T10:32:08.370Z"}
{"level":"info","message":"[NotifyQueue] Worker started — polling every 5 s","service":"nova-store-backend","timestamp":"2026-05-26T10:40:52.823Z"}
{"level":"info","message":"[NotifyQueue] Worker started — polling every 5 s","service":"nova-store-backend","timestamp":"2026-05-26T10:53:12.754Z"}
{"level":"info","message":"[NotifyQueue] Worker started — polling every 5 s","service":"nova-store-backend","timestamp":"2026-05-26T10:53:49.097Z"}
{"level":"info","message":"[NotifyQueue] Worker started — polling every 5 s","service":"nova-store-backend","timestamp":"2026-05-26T10:54:07.918Z"}
{"level":"info","message":"[NotifyQueue] Worker started — polling every 5 s","service":"nova-store-backend","timestamp":"2026-05-26T10:57:10.153Z"}
{"level":"info","message":"[NotifyQueue] Worker started — polling every 5 s","service":"nova-store-backend","timestamp":"2026-05-26T10:58:04.912Z"}
{"level":"info","message":"[NotifyQueue] Worker started — polling every 5 s","service":"nova-store-backend","timestamp":"2026-05-26T11:00:08.508Z"}
{"level":"info","message":"[NotifyQueue] Worker started — polling every 5 s","service":"nova-store-backend","timestamp":"2026-05-26T11:01:20.013Z"}
{"level":"info","message":"[NotifyQueue] Worker started — polling every 5 s","service":"nova-store-backend","timestamp":"2026-05-26T11:01:36.354Z"}
{"level":"info","message":"[NotifyQueue] Worker started — polling every 5 s","service":"nova-store-backend","timestamp":"2026-05-26T11:03:29.295Z"}
{"level":"info","message":"[NotifyQueue] Worker started — polling every 5 s","service":"nova-store-backend","timestamp":"2026-05-26T11:03:40.158Z"}
{"level":"info","message":"[NotifyQueue] Worker started — polling every 5 s","service":"nova-store-backend","timestamp":"2026-05-26T11:03:53.649Z"}
{"level":"info","message":"[NotifyQueue] Worker started — polling every 5 s","service":"nova-store-backend","timestamp":"2026-05-26T11:08:09.242Z"}
{"level":"info","message":"[NotifyQueue] Worker started — polling every 5 s","service":"nova-store-backend","timestamp":"2026-05-26T11:08:23.389Z"}
{"level":"info","message":"[NotifyQueue] Worker started — polling every 5 s","service":"nova-store-backend","timestamp":"2026-05-26T11:09:04.410Z"}
{"level":"info","message":"[NotifyQueue] Worker started — polling every 5 s","service":"nova-store-backend","timestamp":"2026-05-26T11:09:41.568Z"}
{"level":"info","message":"[NotifyQueue] Worker started — polling every 5 s","service":"nova-store-backend","timestamp":"2026-05-26T11:09:50.632Z"}
{"level":"info","message":"[NotifyQueue] Worker started — polling every 5 s","service":"nova-store-backend","timestamp":"2026-05-26T11:52:43.666Z"}
{"level":"info","message":"[NotifyQueue] Worker started — polling every 5 s","service":"nova-store-backend","timestamp":"2026-06-02T10:31:51.567Z"}
{"level":"warn","message":"Failed admin login attempt for email: admin@novastore.com","service":"nova-store-backend","timestamp":"2026-06-02T10:37:50.038Z"}
{"level":"info","message":"[NotifyQueue] Worker started — polling every 5 s","service":"nova-store-backend","timestamp":"2026-06-02T10:47:58.711Z"}
{"level":"info","message":"[NotifyQueue] Worker started — polling every 5 s","service":"nova-store-backend","timestamp":"2026-06-02T12:02:10.355Z"}
{"level":"info","message":"[NotifyQueue] Worker started — polling every 5 s","service":"nova-store-backend","timestamp":"2026-06-02T12:02:39.630Z"}
{"level":"info","message":"[NotifyQueue] Worker started — polling every 5 s","service":"nova-store-backend","timestamp":"2026-06-02T12:04:18.449Z"}
{"level":"info","message":"[Cleanup] Starting daily maintenance job…","service":"nova-store-backend","timestamp":"2026-06-03T18:33:43.910Z"}
{"level":"error","message":"[Cleanup] Failed to delete expired sessions:","service":"nova-store-backend","timestamp":"2026-06-03T18:33:46.772Z"}
{"level":"error","message":"[Cleanup] Failed to delete expired verification tokens:","service":"nova-store-backend","timestamp":"2026-06-03T18:33:50.868Z"}
{"level":"error","message":"[Cleanup] Failed to delete expired password-reset tokens:","service":"nova-store-backend","timestamp":"2026-06-03T18:33:53.578Z"}
{"level":"error","message":"[Cleanup] Failed to delete expired inventory reservations:","service":"nova-store-backend","timestamp":"2026-06-03T18:33:55.388Z"}
{"level":"info","message":"[Cleanup] Daily maintenance done — 0 rows removed in total.","service":"nova-store-backend","timestamp":"2026-06-03T18:33:55.555Z"}
{"level":"info","message":"[Cleanup] Starting daily maintenance job…","service":"nova-store-backend","timestamp":"2026-06-04T21:50:13.078Z"}
{"level":"error","message":"[Cleanup] Failed to delete expired sessions:","service":"nova-store-backend","timestamp":"2026-06-04T21:50:19.664Z"}
{"level":"error","message":"[Cleanup] Failed to delete expired verification tokens:","service":"nova-store-backend","timestamp":"2026-06-04T21:50:22.908Z"}
{"level":"error","message":"[Cleanup] Failed to delete expired password-reset tokens:","service":"nova-store-backend","timestamp":"2026-06-04T21:50:24.867Z"}
{"level":"error","message":"[Cleanup] Failed to delete expired inventory reservations:","service":"nova-store-backend","timestamp":"2026-06-04T21:50:27.489Z"}
{"level":"info","message":"[Cleanup] Daily maintenance done — 0 rows removed in total.","service":"nova-store-backend","timestamp":"2026-06-04T21:50:27.490Z"}
{"level":"info","message":"[Cleanup] Starting daily maintenance job…","service":"nova-store-backend","timestamp":"2026-06-05T03:24:48.352Z"}
{"level":"error","message":"[Cleanup] Failed to delete expired sessions:","service":"nova-store-backend","timestamp":"2026-06-05T03:24:48.778Z"}
{"level":"error","message":"[Cleanup] Failed to delete expired verification tokens:","service":"nova-store-backend","timestamp":"2026-06-05T03:24:49.223Z"}
{"level":"error","message":"[Cleanup] Failed to delete expired password-reset tokens:","service":"nova-store-backend","timestamp":"2026-06-05T03:24:49.512Z"}
{"level":"error","message":"[Cleanup] Failed to delete expired inventory reservations:","service":"nova-store-backend","timestamp":"2026-06-05T03:24:49.733Z"}
{"level":"info","message":"[Cleanup] Daily maintenance done — 0 rows removed in total.","service":"nova-store-backend","timestamp":"2026-06-05T03:24:49.734Z"}
{"level":"info","message":"[NotifyQueue] Worker started — polling every 5 s","service":"nova-store-backend","timestamp":"2026-06-05T17:52:27.146Z"}
{"level":"info","message":"[NotifyQueue] Worker started — polling every 5 s","service":"nova-store-backend","timestamp":"2026-06-05T18:17:38.426Z"}
{"level":"info","message":"[NotifyQueue] Worker started — polling every 5 s","service":"nova-store-backend","timestamp":"2026-06-05T18:18:04.993Z"}
{"level":"info","message":"[NotifyQueue] Worker started — polling every 5 s","service":"nova-store-backend","timestamp":"2026-06-05T18:18:44.238Z"}
{"level":"info","message":"[NotifyQueue] Worker started — polling every 5 s","service":"nova-store-backend","timestamp":"2026-06-05T18:18:56.286Z"}
{"level":"info","message":"[NotifyQueue] Worker started — polling every 5 s","service":"nova-store-backend","timestamp":"2026-06-05T18:19:55.379Z"}
{"level":"info","message":"[NotifyQueue] Worker started — polling every 5 s","service":"nova-store-backend","timestamp":"2026-06-05T18:20:31.799Z"}
{"level":"info","message":"[NotifyQueue] Worker started — polling every 5 s","service":"nova-store-backend","timestamp":"2026-06-05T18:21:28.696Z"}
{"level":"info","message":"[NotifyQueue] Worker started — polling every 5 s","service":"nova-store-backend","timestamp":"2026-06-05T18:21:48.158Z"}
{"level":"info","message":"[NotifyQueue] Worker started — polling every 5 s","service":"nova-store-backend","timestamp":"2026-06-05T18:22:08.506Z"}
{"level":"info","message":"[NotifyQueue] Worker started — polling every 5 s","service":"nova-store-backend","timestamp":"2026-06-05T18:22:31.368Z"}
{"level":"info","message":"[NotifyQueue] Worker started — polling every 5 s","service":"nova-store-backend","timestamp":"2026-06-05T19:02:17.234Z"}
{"level":"info","message":"User logged in successfully: test@example.com","service":"nova-store-backend","timestamp":"2026-06-05T19:02:49.089Z"}
{"level":"info","message":"[Cleanup] Starting daily maintenance job…","service":"nova-store-backend","timestamp":"2026-06-06T15:05:10.757Z"}
{"level":"error","message":"[Cleanup] Failed to delete expired sessions:","service":"nova-store-backend","timestamp":"2026-06-06T15:05:14.140Z"}
{"level":"error","message":"[Cleanup] Failed to delete expired verification tokens:","service":"nova-store-backend","timestamp":"2026-06-06T15:05:19.764Z"}
{"level":"error","message":"[Cleanup] Failed to delete expired password-reset tokens:","service":"nova-store-backend","timestamp":"2026-06-06T15:05:21.591Z"}
{"level":"error","message":"[Cleanup] Failed to delete expired inventory reservations:","service":"nova-store-backend","timestamp":"2026-06-06T15:05:22.817Z"}
{"level":"info","message":"[Cleanup] Daily maintenance done — 0 rows removed in total.","service":"nova-store-backend","timestamp":"2026-06-06T15:05:23.357Z"}
{"level":"info","message":"[NotifyQueue] Worker started — polling every 5 s","service":"nova-store-backend","timestamp":"2026-06-06T15:07:53.637Z"}
{"level":"info","message":"User logged in successfully: test@example.com","service":"nova-store-backend","timestamp":"2026-06-06T15:17:49.097Z"}
{"level":"info","message":"[NotifyQueue] Worker started — polling every 5 s","service":"nova-store-backend","timestamp":"2026-06-06T15:27:33.171Z"}
{"level":"info","message":"[NotifyQueue] Worker started — polling every 5 s","service":"nova-store-backend","timestamp":"2026-06-06T15:28:11.322Z"}
{"level":"info","message":"[NotifyQueue] Worker started — polling every 5 s","service":"nova-store-backend","timestamp":"2026-06-06T15:28:27.635Z"}
{"level":"info","message":"[NotifyQueue] Worker started — polling every 5 s","service":"nova-store-backend","timestamp":"2026-06-06T15:29:11.098Z"}
{"level":"info","message":"[NotifyQueue] Worker started — polling every 5 s","service":"nova-store-backend","timestamp":"2026-06-06T15:29:45.509Z"}
{"level":"info","message":"[NotifyQueue] Worker started — polling every 5 s","service":"nova-store-backend","timestamp":"2026-06-06T15:30:03.625Z"}
{"level":"info","message":"[NotifyQueue] Worker started — polling every 5 s","service":"nova-store-backend","timestamp":"2026-06-06T15:30:22.725Z"}
{"level":"info","message":"[NotifyQueue] Worker started — polling every 5 s","service":"nova-store-backend","timestamp":"2026-06-06T15:34:16.088Z"}
{"level":"info","message":"User logged in successfully: test@example.com","service":"nova-store-backend","timestamp":"2026-06-06T15:37:56.840Z"}
{"level":"info","message":"[NotifyQueue] Worker started — polling every 5 s","service":"nova-store-backend","timestamp":"2026-06-06T15:38:17.696Z"}
{"level":"info","message":"[NotifyQueue] Worker started — polling every 5 s","service":"nova-store-backend","timestamp":"2026-06-06T15:38:30.157Z"}
{"level":"info","message":"[NotifyQueue] Worker started — polling every 5 s","service":"nova-store-backend","timestamp":"2026-06-06T15:40:53.430Z"}
{"level":"info","message":"[NotifyQueue] Worker started — polling every 5 s","service":"nova-store-backend","timestamp":"2026-06-06T15:41:50.119Z"}
{"level":"info","message":"[NotifyQueue] Worker started — polling every 5 s","service":"nova-store-backend","timestamp":"2026-06-06T15:42:26.692Z"}
{"level":"info","message":"[NotifyQueue] Worker started — polling every 5 s","service":"nova-store-backend","timestamp":"2026-06-06T15:42:44.413Z"}
{"level":"info","message":"[NotifyQueue] Worker started — polling every 5 s","service":"nova-store-backend","timestamp":"2026-06-06T15:43:31.148Z"}
{"level":"info","message":"[NotifyQueue] Worker started — polling every 5 s","service":"nova-store-backend","timestamp":"2026-06-06T15:43:45.163Z"}
{"level":"info","message":"[NotifyQueue] Worker started — polling every 5 s","service":"nova-store-backend","timestamp":"2026-06-06T15:44:39.560Z"}
{"level":"info","message":"[NotifyQueue] Worker started — polling every 5 s","service":"nova-store-backend","timestamp":"2026-06-06T15:46:20.752Z"}
{"level":"info","message":"[NotifyQueue] Worker started — polling every 5 s","service":"nova-store-backend","timestamp":"2026-06-06T15:46:41.837Z"}
{"level":"info","message":"[NotifyQueue] Worker started — polling every 5 s","service":"nova-store-backend","timestamp":"2026-06-06T15:47:52.481Z"}
{"level":"info","message":"User logged in successfully: test@example.com","service":"nova-store-backend","timestamp":"2026-06-06T15:49:23.873Z"}
{"level":"info","message":"[NotifyQueue] Worker started — polling every 5 s","service":"nova-store-backend","timestamp":"2026-06-06T15:53:12.405Z"}
{"level":"info","message":"[NotifyQueue] Worker started — polling every 5 s","service":"nova-store-backend","timestamp":"2026-06-06T15:54:19.950Z"}
{"level":"info","message":"[NotifyQueue] Worker started — polling every 5 s","service":"nova-store-backend","timestamp":"2026-06-06T15:54:31.595Z"}
{"level":"info","message":"[NotifyQueue] Worker started — polling every 5 s","service":"nova-store-backend","timestamp":"2026-06-06T15:55:30.081Z"}
{"level":"info","message":"[NotifyQueue] Worker started — polling every 5 s","service":"nova-store-backend","timestamp":"2026-06-06T15:55:55.122Z"}
{"level":"info","message":"[NotifyQueue] Worker started — polling every 5 s","service":"nova-store-backend","timestamp":"2026-06-06T15:56:15.323Z"}
{"level":"info","message":"[NotifyQueue] Worker started — polling every 5 s","service":"nova-store-backend","timestamp":"2026-06-06T15:57:50.198Z"}
{"level":"info","message":"[NotifyQueue] Worker started — polling every 5 s","service":"nova-store-backend","timestamp":"2026-06-06T15:59:25.417Z"}
{"level":"info","message":"[NotifyQueue] Worker started — polling every 5 s","service":"nova-store-backend","timestamp":"2026-06-06T15:59:45.452Z"}
{"level":"info","message":"[NotifyQueue] Worker started — polling every 5 s","service":"nova-store-backend","timestamp":"2026-06-06T16:00:24.934Z"}
{"level":"info","message":"[NotifyQueue] Worker started — polling every 5 s","service":"nova-store-backend","timestamp":"2026-06-06T16:01:06.333Z"}
{"level":"info","message":"[NotifyQueue] Worker started — polling every 5 s","service":"nova-store-backend","timestamp":"2026-06-06T16:02:15.573Z"}
{"level":"info","message":"User logged in successfully: test@example.com","service":"nova-store-backend","timestamp":"2026-06-06T16:04:56.719Z"}
{"level":"info","message":"[NotifyQueue] Worker started — polling every 5 s","service":"nova-store-backend","timestamp":"2026-06-06T16:11:51.986Z"}
{"level":"info","message":"User logged in successfully: test@example.com","service":"nova-store-backend","timestamp":"2026-06-07T14:45:41.321Z"}
